  [1m[36mActiveRecord::SchemaMigration Load (0.3ms)[0m  [1mSELECT "schema_migrations".* FROM "schema_migrations"[0m
Migrating to CreatePosts (20160503123706)
  [1m[35m (0.1ms)[0m  BEGIN
  [1m[36m (2.0ms)[0m  [1mCREATE TABLE "posts" ("id" serial primary key, "id_post" integer, "id_auteur" integer, "up_vote" integer, "down_vote" integer, "date" timestamp, "image" character varying, "contenu" character varying, "titre" character varying, "created_at" timestamp NOT NULL, "updated_at" timestamp NOT NULL) [0m
  [1m[35m (0.1ms)[0m  ROLLBACK
  [1m[36m (101.2ms)[0m  [1mCREATE TABLE "schema_migrations" ("version" character varying NOT NULL) [0m
  [1m[35m (55.9ms)[0m  CREATE UNIQUE INDEX  "unique_schema_migrations" ON "schema_migrations"  ("version")
  [1m[36mActiveRecord::SchemaMigration Load (0.2ms)[0m  [1mSELECT "schema_migrations".* FROM "schema_migrations"[0m
Migrating to CreatePosts (20160503123706)
  [1m[35m (0.1ms)[0m  BEGIN
  [1m[36m (111.8ms)[0m  [1mCREATE TABLE "posts" ("id" serial primary key, "id_post" integer, "id_auteur" integer, "up_vote" integer, "down_vote" integer, "date" timestamp, "image" character varying, "contenu" character varying, "titre" character varying, "created_at" timestamp NOT NULL, "updated_at" timestamp NOT NULL) [0m
  [1m[35mSQL (0.3ms)[0m  INSERT INTO "schema_migrations" ("version") VALUES ($1)  [["version", "20160503123706"]]
  [1m[36m (25.4ms)[0m  [1mCOMMIT[0m
Migrating to CreateUsers (20160503123844)
  [1m[35m (0.1ms)[0m  BEGIN
  [1m[36m (74.8ms)[0m  [1mCREATE TABLE "users" ("id" serial primary key, "id_user" integer, "pseudo" character varying, "password" character varying, "nb_post" integer, "nom" character varying, "prenom" character varying, "email" character varying, "avatar" character varying, "date_inscription" timestamp, "created_at" timestamp NOT NULL, "updated_at" timestamp NOT NULL) [0m
  [1m[35mSQL (0.2ms)[0m  INSERT INTO "schema_migrations" ("version") VALUES ($1)  [["version", "20160503123844"]]
  [1m[36m (13.1ms)[0m  [1mCOMMIT[0m
Migrating to CreateCommentaires (20160503124109)
  [1m[35m (0.2ms)[0m  BEGIN
  [1m[36m (83.5ms)[0m  [1mCREATE TABLE "commentaires" ("id" serial primary key, "id_commentaire" integer, "id_post" integer, "id_auteur" integer, "date" timestamp, "contenu" character varying, "created_at" timestamp NOT NULL, "updated_at" timestamp NOT NULL) [0m
  [1m[35mSQL (0.2ms)[0m  INSERT INTO "schema_migrations" ("version") VALUES ($1)  [["version", "20160503124109"]]
  [1m[36m (12.3ms)[0m  [1mCOMMIT[0m
  [1m[35mActiveRecord::SchemaMigration Load (0.2ms)[0m  SELECT "schema_migrations".* FROM "schema_migrations"
  [1m[36m (3.0ms)[0m  [1mSELECT t2.oid::regclass::text AS to_table, a1.attname AS column, a2.attname AS primary_key, c.conname AS name, c.confupdtype AS on_update, c.confdeltype AS on_delete
FROM pg_constraint c
JOIN pg_class t1 ON c.conrelid = t1.oid
JOIN pg_class t2 ON c.confrelid = t2.oid
JOIN pg_attribute a1 ON a1.attnum = c.conkey[1] AND a1.attrelid = t1.oid
JOIN pg_attribute a2 ON a2.attnum = c.confkey[1] AND a2.attrelid = t2.oid
JOIN pg_namespace t3 ON c.connamespace = t3.oid
WHERE c.contype = 'f'
  AND t1.relname = 'commentaires'
  AND t3.nspname = ANY (current_schemas(false))
ORDER BY c.conname
[0m
  [1m[35m (2.7ms)[0m  SELECT t2.oid::regclass::text AS to_table, a1.attname AS column, a2.attname AS primary_key, c.conname AS name, c.confupdtype AS on_update, c.confdeltype AS on_delete
FROM pg_constraint c
JOIN pg_class t1 ON c.conrelid = t1.oid
JOIN pg_class t2 ON c.confrelid = t2.oid
JOIN pg_attribute a1 ON a1.attnum = c.conkey[1] AND a1.attrelid = t1.oid
JOIN pg_attribute a2 ON a2.attnum = c.confkey[1] AND a2.attrelid = t2.oid
JOIN pg_namespace t3 ON c.connamespace = t3.oid
WHERE c.contype = 'f'
  AND t1.relname = 'posts'
  AND t3.nspname = ANY (current_schemas(false))
ORDER BY c.conname

  [1m[36m (2.8ms)[0m  [1mSELECT t2.oid::regclass::text AS to_table, a1.attname AS column, a2.attname AS primary_key, c.conname AS name, c.confupdtype AS on_update, c.confdeltype AS on_delete
FROM pg_constraint c
JOIN pg_class t1 ON c.conrelid = t1.oid
JOIN pg_class t2 ON c.confrelid = t2.oid
JOIN pg_attribute a1 ON a1.attnum = c.conkey[1] AND a1.attrelid = t1.oid
JOIN pg_attribute a2 ON a2.attnum = c.confkey[1] AND a2.attrelid = t2.oid
JOIN pg_namespace t3 ON c.connamespace = t3.oid
WHERE c.contype = 'f'
  AND t1.relname = 'users'
  AND t3.nspname = ANY (current_schemas(false))
ORDER BY c.conname
[0m


Started GET "/" for 127.0.0.1 at 2016-05-03 15:22:36 +0200
  [1m[36mActiveRecord::SchemaMigration Load (0.3ms)[0m  [1mSELECT "schema_migrations".* FROM "schema_migrations"[0m
Processing by Rails::WelcomeController#index as HTML
  Rendered /home/baril/.rbenv/versions/2.3.0/lib/ruby/gems/2.3.0/gems/railties-4.2.6/lib/rails/templates/rails/welcome/index.html.erb (1.7ms)
Completed 200 OK in 53ms (Views: 33.8ms | ActiveRecord: 0.0ms)


Started GET "/" for 127.0.0.1 at 2016-05-03 16:36:22 +0200
  [1m[36mActiveRecord::SchemaMigration Load (0.6ms)[0m  [1mSELECT "schema_migrations".* FROM "schema_migrations"[0m
Processing by Rails::WelcomeController#index as HTML
  Rendered /home/malek/.rbenv/versions/2.3.0/lib/ruby/gems/2.3.0/gems/railties-4.2.6/lib/rails/templates/rails/welcome/index.html.erb (1.2ms)
Completed 200 OK in 17ms (Views: 8.2ms | ActiveRecord: 0.0ms)


Started GET "/index" for 127.0.0.1 at 2016-05-03 16:36:26 +0200

ActionController::RoutingError (No route matches [GET] "/index"):
  actionpack (4.2.6) lib/action_dispatch/middleware/debug_exceptions.rb:21:in `call'
  web-console (2.3.0) lib/web_console/middleware.rb:28:in `block in call'
  web-console (2.3.0) lib/web_console/middleware.rb:18:in `catch'
  web-console (2.3.0) lib/web_console/middleware.rb:18:in `call'
  actionpack (4.2.6) lib/action_dispatch/middleware/show_exceptions.rb:30:in `call'
  railties (4.2.6) lib/rails/rack/logger.rb:38:in `call_app'
  railties (4.2.6) lib/rails/rack/logger.rb:20:in `block in call'
  activesupport (4.2.6) lib/active_support/tagged_logging.rb:68:in `block in tagged'
  activesupport (4.2.6) lib/active_support/tagged_logging.rb:26:in `tagged'
  activesupport (4.2.6) lib/active_support/tagged_logging.rb:68:in `tagged'
  railties (4.2.6) lib/rails/rack/logger.rb:20:in `call'
  actionpack (4.2.6) lib/action_dispatch/middleware/request_id.rb:21:in `call'
  rack (1.6.4) lib/rack/methodoverride.rb:22:in `call'
  rack (1.6.4) lib/rack/runtime.rb:18:in `call'
  activesupport (4.2.6) lib/active_support/cache/strategy/local_cache_middleware.rb:28:in `call'
  rack (1.6.4) lib/rack/lock.rb:17:in `call'
  actionpack (4.2.6) lib/action_dispatch/middleware/static.rb:120:in `call'
  rack (1.6.4) lib/rack/sendfile.rb:113:in `call'
  railties (4.2.6) lib/rails/engine.rb:518:in `call'
  railties (4.2.6) lib/rails/application.rb:165:in `call'
  rack (1.6.4) lib/rack/lock.rb:17:in `call'
  rack (1.6.4) lib/rack/content_length.rb:15:in `call'
  rack (1.6.4) lib/rack/handler/webrick.rb:88:in `service'
  /home/malek/.rbenv/versions/2.3.0/lib/ruby/2.3.0/webrick/httpserver.rb:140:in `service'
  /home/malek/.rbenv/versions/2.3.0/lib/ruby/2.3.0/webrick/httpserver.rb:96:in `run'
  /home/malek/.rbenv/versions/2.3.0/lib/ruby/2.3.0/webrick/server.rb:296:in `block in start_thread'


  Rendered /home/malek/.rbenv/versions/2.3.0/lib/ruby/gems/2.3.0/gems/actionpack-4.2.6/lib/action_dispatch/middleware/templates/rescues/_trace.html.erb (1.3ms)
  Rendered /home/malek/.rbenv/versions/2.3.0/lib/ruby/gems/2.3.0/gems/actionpack-4.2.6/lib/action_dispatch/middleware/templates/routes/_route.html.erb (0.8ms)
  Rendered /home/malek/.rbenv/versions/2.3.0/lib/ruby/gems/2.3.0/gems/actionpack-4.2.6/lib/action_dispatch/middleware/templates/routes/_table.html.erb (18.4ms)
  Rendered /home/malek/.rbenv/versions/2.3.0/lib/ruby/gems/2.3.0/gems/actionpack-4.2.6/lib/action_dispatch/middleware/templates/rescues/_request_and_response.html.erb (1.0ms)
  Rendered /home/malek/.rbenv/versions/2.3.0/lib/ruby/gems/2.3.0/gems/actionpack-4.2.6/lib/action_dispatch/middleware/templates/rescues/routing_error.html.erb within rescues/layout (184.8ms)
  Rendered /home/malek/.rbenv/versions/2.3.0/lib/ruby/gems/2.3.0/gems/web-console-2.3.0/lib/web_console/templates/_markup.html.erb (0.4ms)
  Rendered /home/malek/.rbenv/versions/2.3.0/lib/ruby/gems/2.3.0/gems/web-console-2.3.0/lib/web_console/templates/_inner_console_markup.html.erb within layouts/inlined_string (0.4ms)
  Rendered /home/malek/.rbenv/versions/2.3.0/lib/ruby/gems/2.3.0/gems/web-console-2.3.0/lib/web_console/templates/_prompt_box_markup.html.erb within layouts/inlined_string (0.5ms)
  Rendered /home/malek/.rbenv/versions/2.3.0/lib/ruby/gems/2.3.0/gems/web-console-2.3.0/lib/web_console/templates/style.css.erb within layouts/inlined_string (5.5ms)
  Rendered /home/malek/.rbenv/versions/2.3.0/lib/ruby/gems/2.3.0/gems/web-console-2.3.0/lib/web_console/templates/console.js.erb within layouts/javascript (82.8ms)
  Rendered /home/malek/.rbenv/versions/2.3.0/lib/ruby/gems/2.3.0/gems/web-console-2.3.0/lib/web_console/templates/main.js.erb within layouts/javascript (0.5ms)
  Rendered /home/malek/.rbenv/versions/2.3.0/lib/ruby/gems/2.3.0/gems/web-console-2.3.0/lib/web_console/templates/error_page.js.erb within layouts/javascript (0.4ms)
  Rendered /home/malek/.rbenv/versions/2.3.0/lib/ruby/gems/2.3.0/gems/web-console-2.3.0/lib/web_console/templates/index.html.erb (104.4ms)


Started GET "/posts/index" for 127.0.0.1 at 2016-05-03 16:36:47 +0200
Processing by PostsController#index as HTML
Completed 500 Internal Server Error in 1ms (ActiveRecord: 0.0ms)

SyntaxError (/home/malek/Hall_of_Fame/Hall_of_Fame/app/models/post.rb:2: syntax error, unexpected ':', expecting keyword_end
	validates: id_post, presence: true
	          ^
/home/malek/Hall_of_Fame/Hall_of_Fame/app/models/post.rb:3: syntax error, unexpected ':', expecting keyword_end
	validates: id_auteur, presence: true
	          ^
/home/malek/Hall_of_Fame/Hall_of_Fame/app/models/post.rb:4: syntax error, unexpected ':', expecting keyword_end
	validates: up_vote, presence: true
	          ^
/home/malek/Hall_of_Fame/Hall_of_Fame/app/models/post.rb:5: syntax error, unexpected ':', expecting keyword_end
	validates: down_vote, presence: true
	          ^
/home/malek/Hall_of_Fame/Hall_of_Fame/app/models/post.rb:6: syntax error, unexpected ':', expecting keyword_end
	validates: date, presence: true
	          ^
/home/malek/Hall_of_Fame/Hall_of_Fame/app/models/post.rb:7: syntax error, unexpected ':', expecting keyword_end
	validates: contenu, presence: true
	          ^
/home/malek/Hall_of_Fame/Hall_of_Fame/app/models/post.rb:8: syntax error, unexpected ':', expecting keyword_end
	validates: titre, presence: true
	          ^):
  app/models/post.rb:2: syntax error, unexpected ':', expecting keyword_end
  app/models/post.rb:3: syntax error, unexpected ':', expecting keyword_end
  app/models/post.rb:4: syntax error, unexpected ':', expecting keyword_end
  app/models/post.rb:5: syntax error, unexpected ':', expecting keyword_end
  app/models/post.rb:6: syntax error, unexpected ':', expecting keyword_end
  app/models/post.rb:7: syntax error, unexpected ':', expecting keyword_end
  app/models/post.rb:8: syntax error, unexpected ':', expecting keyword_end
  app/controllers/posts_controller.rb:3:in `index'


  Rendered /home/malek/.rbenv/versions/2.3.0/lib/ruby/gems/2.3.0/gems/actionpack-4.2.6/lib/action_dispatch/middleware/templates/rescues/_source.erb (5.4ms)
  Rendered /home/malek/.rbenv/versions/2.3.0/lib/ruby/gems/2.3.0/gems/actionpack-4.2.6/lib/action_dispatch/middleware/templates/rescues/_trace.html.erb (6.1ms)
  Rendered /home/malek/.rbenv/versions/2.3.0/lib/ruby/gems/2.3.0/gems/actionpack-4.2.6/lib/action_dispatch/middleware/templates/rescues/_request_and_response.html.erb (0.8ms)
  Rendered /home/malek/.rbenv/versions/2.3.0/lib/ruby/gems/2.3.0/gems/actionpack-4.2.6/lib/action_dispatch/middleware/templates/rescues/diagnostics.html.erb within rescues/layout (27.3ms)
  Rendered /home/malek/.rbenv/versions/2.3.0/lib/ruby/gems/2.3.0/gems/web-console-2.3.0/lib/web_console/templates/_markup.html.erb (0.3ms)
  Rendered /home/malek/.rbenv/versions/2.3.0/lib/ruby/gems/2.3.0/gems/web-console-2.3.0/lib/web_console/templates/_inner_console_markup.html.erb within layouts/inlined_string (0.3ms)
  Rendered /home/malek/.rbenv/versions/2.3.0/lib/ruby/gems/2.3.0/gems/web-console-2.3.0/lib/web_console/templates/_prompt_box_markup.html.erb within layouts/inlined_string (0.2ms)
  Rendered /home/malek/.rbenv/versions/2.3.0/lib/ruby/gems/2.3.0/gems/web-console-2.3.0/lib/web_console/templates/style.css.erb within layouts/inlined_string (0.2ms)
  Rendered /home/malek/.rbenv/versions/2.3.0/lib/ruby/gems/2.3.0/gems/web-console-2.3.0/lib/web_console/templates/console.js.erb within layouts/javascript (16.8ms)
  Rendered /home/malek/.rbenv/versions/2.3.0/lib/ruby/gems/2.3.0/gems/web-console-2.3.0/lib/web_console/templates/main.js.erb within layouts/javascript (0.2ms)
  Rendered /home/malek/.rbenv/versions/2.3.0/lib/ruby/gems/2.3.0/gems/web-console-2.3.0/lib/web_console/templates/error_page.js.erb within layouts/javascript (0.3ms)
  Rendered /home/malek/.rbenv/versions/2.3.0/lib/ruby/gems/2.3.0/gems/web-console-2.3.0/lib/web_console/templates/index.html.erb (33.3ms)


Started GET "/" for 127.0.0.1 at 2016-05-03 16:40:26 +0200
Processing by Rails::WelcomeController#index as HTML
  Rendered /home/malek/.rbenv/versions/2.3.0/lib/ruby/gems/2.3.0/gems/railties-4.2.6/lib/rails/templates/rails/welcome/index.html.erb (0.1ms)
Completed 200 OK in 2ms (Views: 1.3ms | ActiveRecord: 0.0ms)


Started GET "/posts/index" for 127.0.0.1 at 2016-05-03 16:40:31 +0200
Processing by PostsController#index as HTML
Completed 500 Internal Server Error in 2ms (ActiveRecord: 0.0ms)

SyntaxError (/home/malek/Hall_of_Fame/Hall_of_Fame/app/models/post.rb:2: syntax error, unexpected ':', expecting keyword_end
	validates: id_post, presence: true
	          ^
/home/malek/Hall_of_Fame/Hall_of_Fame/app/models/post.rb:3: syntax error, unexpected ':', expecting keyword_end
	validates: id_auteur, presence: true
	          ^
/home/malek/Hall_of_Fame/Hall_of_Fame/app/models/post.rb:4: syntax error, unexpected ':', expecting keyword_end
	validates: up_vote, presence: true
	          ^
/home/malek/Hall_of_Fame/Hall_of_Fame/app/models/post.rb:5: syntax error, unexpected ':', expecting keyword_end
	validates: down_vote, presence: true
	          ^
/home/malek/Hall_of_Fame/Hall_of_Fame/app/models/post.rb:6: syntax error, unexpected ':', expecting keyword_end
	validates: date, presence: true
	          ^
/home/malek/Hall_of_Fame/Hall_of_Fame/app/models/post.rb:7: syntax error, unexpected ':', expecting keyword_end
	validates: contenu, presence: true
	          ^
/home/malek/Hall_of_Fame/Hall_of_Fame/app/models/post.rb:8: syntax error, unexpected ':', expecting keyword_end
	validates: titre, presence: true
	          ^):
  app/models/post.rb:2: syntax error, unexpected ':', expecting keyword_end
  app/models/post.rb:3: syntax error, unexpected ':', expecting keyword_end
  app/models/post.rb:4: syntax error, unexpected ':', expecting keyword_end
  app/models/post.rb:5: syntax error, unexpected ':', expecting keyword_end
  app/models/post.rb:6: syntax error, unexpected ':', expecting keyword_end
  app/models/post.rb:7: syntax error, unexpected ':', expecting keyword_end
  app/models/post.rb:8: syntax error, unexpected ':', expecting keyword_end
  app/controllers/posts_controller.rb:3:in `index'


  Rendered /home/malek/.rbenv/versions/2.3.0/lib/ruby/gems/2.3.0/gems/actionpack-4.2.6/lib/action_dispatch/middleware/templates/rescues/_source.erb (8.6ms)
  Rendered /home/malek/.rbenv/versions/2.3.0/lib/ruby/gems/2.3.0/gems/actionpack-4.2.6/lib/action_dispatch/middleware/templates/rescues/_trace.html.erb (2.6ms)
  Rendered /home/malek/.rbenv/versions/2.3.0/lib/ruby/gems/2.3.0/gems/actionpack-4.2.6/lib/action_dispatch/middleware/templates/rescues/_request_and_response.html.erb (0.9ms)
  Rendered /home/malek/.rbenv/versions/2.3.0/lib/ruby/gems/2.3.0/gems/actionpack-4.2.6/lib/action_dispatch/middleware/templates/rescues/diagnostics.html.erb within rescues/layout (27.4ms)
  Rendered /home/malek/.rbenv/versions/2.3.0/lib/ruby/gems/2.3.0/gems/web-console-2.3.0/lib/web_console/templates/_markup.html.erb (0.4ms)
  Rendered /home/malek/.rbenv/versions/2.3.0/lib/ruby/gems/2.3.0/gems/web-console-2.3.0/lib/web_console/templates/_inner_console_markup.html.erb within layouts/inlined_string (0.4ms)
  Rendered /home/malek/.rbenv/versions/2.3.0/lib/ruby/gems/2.3.0/gems/web-console-2.3.0/lib/web_console/templates/_prompt_box_markup.html.erb within layouts/inlined_string (0.5ms)
  Rendered /home/malek/.rbenv/versions/2.3.0/lib/ruby/gems/2.3.0/gems/web-console-2.3.0/lib/web_console/templates/style.css.erb within layouts/inlined_string (0.3ms)
  Rendered /home/malek/.rbenv/versions/2.3.0/lib/ruby/gems/2.3.0/gems/web-console-2.3.0/lib/web_console/templates/console.js.erb within layouts/javascript (18.4ms)
  Rendered /home/malek/.rbenv/versions/2.3.0/lib/ruby/gems/2.3.0/gems/web-console-2.3.0/lib/web_console/templates/main.js.erb within layouts/javascript (0.5ms)
  Rendered /home/malek/.rbenv/versions/2.3.0/lib/ruby/gems/2.3.0/gems/web-console-2.3.0/lib/web_console/templates/error_page.js.erb within layouts/javascript (0.5ms)
  Rendered /home/malek/.rbenv/versions/2.3.0/lib/ruby/gems/2.3.0/gems/web-console-2.3.0/lib/web_console/templates/index.html.erb (36.3ms)


Started PUT "/__web_console/repl_sessions/7edc19b83f0dc01c03f92aaca55097ef" for 127.0.0.1 at 2016-05-03 16:40:41 +0200


Started PUT "/__web_console/repl_sessions/7edc19b83f0dc01c03f92aaca55097ef" for 127.0.0.1 at 2016-05-03 16:40:45 +0200
